---------- Date: 2017-05-25 03:19:18 ~ IP : 127.0.0.1 ----------
REQUEST URI : /index.php?route=product/product&product_id=50
MOD DETAILS:
   modFile   : /opt/lampp/htdocs/toyshop/vqmod/xml/al_ordercallback.xml
   id        : Order callback or one click to order module for Opencart 1.5.x versions
   version   : 1.0
   vqmver    : 2.0>
   author    : Ajay

File Name    : catalog/view/theme/*/template/product/product.tpl(0)
VQModObject::applyMod - SEARCH NOT FOUND (SKIPPED): <input type="button" value="<?php echo $button_cart; ?>" id="button-cart" class="button" />

----------------------------------------------------------------------


---------- Date: 2017-05-25 03:19:50 ~ IP : 127.0.0.1 ----------
REQUEST URI : /index.php?route=product/product&product_id=50
MOD DETAILS:
   modFile   : /opt/lampp/htdocs/toyshop/vqmod/xml/al_ordercallback.xml
   id        : Order callback or one click to order module for Opencart 1.5.x versions
   version   : 1.0
   vqmver    : 2.0>
   author    : Ajay

File Name    : catalog/view/theme/*/template/product/product.tpl(0)
VQModObject::applyMod - SEARCH NOT FOUND (SKIPPED): <input type="button" value="<?php echo $button_cart; ?>" id="button-cart" class="button" />

----------------------------------------------------------------------


---------- Date: 2017-05-25 03:20:15 ~ IP : 127.0.0.1 ----------
REQUEST URI : /index.php?route=product/product&product_id=50
MOD DETAILS:
   modFile   : /opt/lampp/htdocs/toyshop/vqmod/xml/al_ordercallback.xml
   id        : Order callback or one click to order module for Opencart 1.5.x versions
   version   : 1.0
   vqmver    : 2.0>
   author    : Ajay

File Name    : catalog/view/theme/*/template/product/product.tpl(0)
VQModObject::applyMod - SEARCH NOT FOUND (SKIPPED): <input type="button" value="<?php echo $button_cart; ?>" id="button-cart" class="button" />

----------------------------------------------------------------------


---------- Date: 2017-05-25 03:34:38 ~ IP : 127.0.0.1 ----------
REQUEST URI : /index.php?route=product/product&product_id=50
MOD DETAILS:
   modFile   : /opt/lampp/htdocs/toyshop/vqmod/xml/al_ordercallback.xml
   id        : Order callback or one click to order module for Opencart 1.5.x versions
   version   : 1.0
   vqmver    : 2.0>
   author    : Ajay

File Name    : catalog/view/theme/*/template/product/product.tpl(0)
VQModObject::applyMod - SEARCH NOT FOUND (SKIPPED): <input type="button" value="<?php echo $button_cart; ?>" id="button-cart" class="button" />

----------------------------------------------------------------------


---------- Date: 2017-05-25 05:14:30 ~ IP : 127.0.0.1 ----------
REQUEST URI : /index.php?route=information/contact
MOD DETAILS:
   modFile   : /opt/lampp/htdocs/toyshop/vqmod/xml/al_ordercallback.xml
   id        : Order callback or one click to order module for Opencart 1.5.x versions
   version   : 1.0
   vqmver    : 2.0>
   author    : Ajay

File Name    : catalog/view/theme/*/template/information/contact.tpl(0)
VQModObject::applyMod - SEARCH NOT FOUND (SKIPPED): <input type="submit" value="<?php echo $button_continue; ?>" class="button" />

----------------------------------------------------------------------


---------- Date: 2017-05-25 05:27:47 ~ IP : 127.0.0.1 ----------
REQUEST URI : /index.php?route=product/product&product_id=42
MOD DETAILS:
   modFile   : /opt/lampp/htdocs/toyshop/vqmod/xml/al_ordercallback.xml
   id        : Order callback or one click to order module for Opencart 1.5.x versions
   version   : 1.0
   vqmver    : 2.0>
   author    : Ajay

File Name    : catalog/view/theme/*/template/product/product.tpl(0)
VQModObject::applyMod - SEARCH NOT FOUND (SKIPPED): <button type="button" id="button-cart" data-loading-text="<?php echo $text_loading; ?>" class="btn btn-primary btn-lg btn-block"><span><span class="sp-button" ><?php echo $button_cart; ?></span></span></button>
                <button type="button" onclick="cart.add('<?php echo $product['product_id']; ?>');"><span><?php echo $button_cart; ?></span></button>

----------------------------------------------------------------------


